
> phaser3-typescript-sidescroller@1.0.0 start
> webpack serve --open

<i> [webpack-dev-server] Project is running at:
<i> [webpack-dev-server] Loopback: http://localhost:9000/
<i> [webpack-dev-server] On Your Network (IPv4): http://192.168.0.2:9000/
<i> [webpack-dev-server] Content not from webpack is served from '/app/dist' directory
asset bundle.js 8.16 MiB [emitted] (name: main)
asset index.html 314 bytes [emitted] [from: index.html] [copied]
runtime modules 28 KiB 12 modules
modules by path ./node_modules/ 7.62 MiB
  modules by path ./node_modules/webpack-dev-server/client/ 71.8 KiB 16 modules
  modules by path ./node_modules/webpack/hot/*.js 5.56 KiB
    ./node_modules/webpack/hot/dev-server.js 2.33 KiB [built] [code generated]
    + 3 modules
  modules by path ./node_modules/html-entities/dist/esm/*.js 33.5 KiB
    ./node_modules/html-entities/dist/esm/index.js 4.98 KiB [built] [code generated]
    + 3 modules
  ./node_modules/phaser/dist/phaser.js 7.49 MiB [built] [code generated]
  ./node_modules/ansi-html-community/index.js 4.16 KiB [built] [code generated]
  ./node_modules/events/events.js 14.5 KiB [built] [code generated]
modules by path ./src/ 6.1 KiB
  ./src/main.ts 524 bytes [built] [code generated]
  ./src/scenes/MainScene.ts 5.59 KiB [built] [code generated]
webpack 5.104.1 compiled successfully in 4619 ms
assets by status 314 bytes [cached] 1 asset
assets by path *.js 8.17 MiB
  asset bundle.js 8.16 MiB [emitted] (name: main)
  asset main.fb76acfcbf629c6e55fe.hot-update.js 7.15 KiB [emitted] [immutable] [hmr] (name: main)
asset main.fb76acfcbf629c6e55fe.hot-update.json 28 bytes [emitted] [immutable] [hmr]
Entrypoint main 8.17 MiB = bundle.js 8.16 MiB main.fb76acfcbf629c6e55fe.hot-update.js 7.15 KiB
cached modules 7.62 MiB [cached] 27 modules
runtime modules 28 KiB 12 modules
javascript modules 6.31 KiB
  ./src/main.ts 524 bytes [built] [code generated]
  ./src/scenes/MainScene.ts 5.8 KiB [built] [code generated] [2 errors]

ERROR in /app/src/scenes/MainScene.ts
./src/scenes/MainScene.ts 55:58-78
[tsl] ERROR in /app/src/scenes/MainScene.ts(55,59)
      TS2345: Argument of type '(airplane: GameObjectWithBody, terrain: GameObjectWithBody) => void' is not assignable to parameter of type 'ArcadePhysicsCallback'.
  Types of parameters 'airplane' and 'object1' are incompatible.
    Type 'Body | StaticBody | Tile | GameObjectWithBody' is not assignable to type 'GameObjectWithBody'.
      Type 'Body' is not assignable to type 'GameObjectWithBody'.
        Type 'Body' is missing the following properties from type 'GameObject': scene, displayList, type, state, and 42 more.
ts-loader-default_e3b0c44298fc1c14
 @ ./src/main.ts 4:18-47

ERROR in /app/src/scenes/MainScene.ts
./src/scenes/MainScene.ts 56:63-83
[tsl] ERROR in /app/src/scenes/MainScene.ts(56,64)
      TS2345: Argument of type '(airplane: GameObjectWithBody, terrain: GameObjectWithBody) => void' is not assignable to parameter of type 'ArcadePhysicsCallback'.
ts-loader-default_e3b0c44298fc1c14
 @ ./src/main.ts 4:18-47

webpack 5.104.1 compiled with 2 errors in 499 ms
assets by status 314 bytes [cached] 1 asset
assets by path *.js 8.17 MiB
  asset bundle.js 8.16 MiB [emitted] (name: main)
  asset main.433605f745c34b3e1ee1.hot-update.js 7.74 KiB [emitted] [immutable] [hmr] (name: main)
asset main.433605f745c34b3e1ee1.hot-update.json 28 bytes [emitted] [immutable] [hmr]
Entrypoint main 8.17 MiB = bundle.js 8.16 MiB main.433605f745c34b3e1ee1.hot-update.js 7.74 KiB
cached modules 7.62 MiB [cached] 27 modules
runtime modules 28 KiB 12 modules
javascript modules 6.9 KiB
  ./src/main.ts 524 bytes [built] [code generated]
  ./src/scenes/MainScene.ts 6.39 KiB [built] [code generated] [2 errors]

ERROR in /app/src/scenes/MainScene.ts
./src/scenes/MainScene.ts 55:58-78
[tsl] ERROR in /app/src/scenes/MainScene.ts(55,59)
      TS2345: Argument of type '(airplane: GameObjectWithBody, terrain: GameObjectWithBody) => void' is not assignable to parameter of type 'ArcadePhysicsCallback'.
  Types of parameters 'airplane' and 'object1' are incompatible.
    Type 'Body | StaticBody | Tile | GameObjectWithBody' is not assignable to type 'GameObjectWithBody'.
      Type 'Body' is not assignable to type 'GameObjectWithBody'.
        Type 'Body' is missing the following properties from type 'GameObject': scene, displayList, type, state, and 42 more.
ts-loader-default_e3b0c44298fc1c14
 @ ./src/main.ts 4:18-47

ERROR in /app/src/scenes/MainScene.ts
./src/scenes/MainScene.ts 56:63-83
[tsl] ERROR in /app/src/scenes/MainScene.ts(56,64)
      TS2345: Argument of type '(airplane: GameObjectWithBody, terrain: GameObjectWithBody) => void' is not assignable to parameter of type 'ArcadePhysicsCallback'.
ts-loader-default_e3b0c44298fc1c14
 @ ./src/main.ts 4:18-47

webpack 5.104.1 compiled with 2 errors in 181 ms
